<?xml version="1.0" encoding="UTF-8"?>
<!-- Generated by org.testng.reporters.JUnitReportReporter -->
<testsuite hostname="Mapletech" failures="0" tests="2" name="com.gitPractise.JenkinPractiseTest2" time="0.010" errors="0" timestamp="2023-03-10T14:47:07 IST" skipped="0">
  <testcase classname="com.gitPractise.JenkinPractiseTest2" name="test1" time="0.001"/>
  <system-out/>
  <testcase classname="com.gitPractise.JenkinPractiseTest2" name="test2" time="0.009"/>
  <system-out/>
</testsuite> <!-- com.gitPractise.JenkinPractiseTest2 -->
