<?xml version="1.0" encoding="UTF-8"?>
<!-- Generated by org.testng.reporters.JUnitReportReporter -->
<testsuite skipped="0" hostname="Mapletech" name="com.gitPractise.JenkinPractiseTest1" tests="2" failures="0" timestamp="2023-03-10T17:34:41 IST" time="0.008" errors="0">
  <testcase name="test1" time="0.007" classname="com.gitPractise.JenkinPractiseTest1"/>
  <system-out/>
  <testcase name="test2" time="0.001" classname="com.gitPractise.JenkinPractiseTest1"/>
  <system-out/>
</testsuite> <!-- com.gitPractise.JenkinPractiseTest1 -->
