<?xml version="1.0" encoding="UTF-8"?>
<!-- Generated by org.testng.reporters.JUnitReportReporter -->
<testsuite skipped="0" hostname="Mapletech" name="com.gitPractise.JenkinPractiseTest2" tests="2" failures="0" timestamp="2023-03-10T15:27:05 IST" time="0.002" errors="0">
  <testcase name="test1" time="0.002" classname="com.gitPractise.JenkinPractiseTest2"/>
  <system-out/>
  <testcase name="test2" time="0.000" classname="com.gitPractise.JenkinPractiseTest2"/>
  <system-out/>
</testsuite> <!-- com.gitPractise.JenkinPractiseTest2 -->
